
	"FromMySqlToPostgreSql" - the database migration tool
	Copyright 2015  Anatoly Khaytovich <anatolyuss@gmail.com>
	-- Migration began...

-- Trying to create schema -- New schema "plan_action13" was successfully created...
-- 18 tables detected

-- Currently processing table: action...
	-- Table plan_action13."action" is created.
	-- Populating table plan_action13."action" 
	-- Total rows to insert into plan_action13."action": 4576

	-- FromMySqlToPostgreSql::populateTable

	-- PDOException code: 22P02
	-- File: C:\web\www\FromMySqlToPostgreSql\migration\FromMySqlToPostgreSql\FromMySqlToPostgreSql.php
	-- Line: 635
	-- Message: SQLSTATE[22P02]: Invalid text representation: 7 ERREUR:  syntaxe en entrée invalide pour l'entier : « 1970-01-01 00:00:00 »
CONTEXT:  COPY action, ligne 1, colonne visibilite_externe : « 1970-01-01 00:00:00 »
	-------------------------------------------------------


-- Currently processing table: exigence...
	-- Table plan_action13."exigence" is created.
	-- Populating table plan_action13."exigence" 
	-- Total rows to insert into plan_action13."exigence": 66
	-- For now inserted: 66 rows

-- Currently processing table: historisation_action...
	-- Table plan_action13."historisation_action" is created.
	-- Populating table plan_action13."historisation_action" 
	-- Total rows to insert into plan_action13."historisation_action": 9108
	-- For now inserted: 9108 rows

-- Currently processing table: note...
	-- Table plan_action13."note" is created.
	-- Populating table plan_action13."note" 
	-- Total rows to insert into plan_action13."note": 5730
	-- For now inserted: 5730 rows

-- Currently processing table: origine...
	-- Table plan_action13."origine" is created.
	-- Populating table plan_action13."origine" 
	-- Total rows to insert into plan_action13."origine": 26

	-- FromMySqlToPostgreSql::populateTable

	-- PDOException code: 22P02
	-- File: C:\web\www\FromMySqlToPostgreSql\migration\FromMySqlToPostgreSql\FromMySqlToPostgreSql.php
	-- Line: 635
	-- Message: SQLSTATE[22P02]: Invalid text representation: 7 ERREUR:  syntaxe en entrée invalide pour l'entier : « 1970-01-01 00:00:00 »
CONTEXT:  COPY origine, ligne 1, colonne complement_mnemonique_est_autorise : « 1970-01-01 00:00:00 »
	-------------------------------------------------------


-- Currently processing table: origine_plan_action...
	-- Table plan_action13."origine_plan_action" is created.
	-- Populating table plan_action13."origine_plan_action" 
	-- Total rows to insert into plan_action13."origine_plan_action": 308
	-- For now inserted: 308 rows

-- Currently processing table: parametre...
	-- Table plan_action13."parametre" is created.
	-- Populating table plan_action13."parametre" 
	-- Total rows to insert into plan_action13."parametre": 6
	-- For now inserted: 6 rows

-- Currently processing table: plan_action...
	-- Table plan_action13."plan_action" is created.
	-- Populating table plan_action13."plan_action" 
	-- Total rows to insert into plan_action13."plan_action": 347

	-- FromMySqlToPostgreSql::populateTable

	-- PDOException code: 22P02
	-- File: C:\web\www\FromMySqlToPostgreSql\migration\FromMySqlToPostgreSql\FromMySqlToPostgreSql.php
	-- Line: 635
	-- Message: SQLSTATE[22P02]: Invalid text representation: 7 ERREUR:  syntaxe en entrée invalide pour l'entier : « 1970-01-01 00:00:00 »
CONTEXT:  COPY plan_action, ligne 1, colonne niveau : « 1970-01-01 00:00:00 »
	-------------------------------------------------------


-- Currently processing table: priorite...
	-- Table plan_action13."priorite" is created.
	-- Populating table plan_action13."priorite" 
	-- Total rows to insert into plan_action13."priorite": 3
	-- For now inserted: 3 rows

-- Currently processing table: processus...
	-- Table plan_action13."processus" is created.
	-- Populating table plan_action13."processus" 
	-- Total rows to insert into plan_action13."processus": 16
	-- For now inserted: 16 rows

-- Currently processing table: role_utilisateur_pour_plans_actions...
	-- Table plan_action13."role_utilisateur_pour_plans_actions" is created.
	-- Populating table plan_action13."role_utilisateur_pour_plans_actions" 
	-- Total rows to insert into plan_action13."role_utilisateur_pour_plans_actions": 76

	-- FromMySqlToPostgreSql::populateTable

	-- PDOException code: 22P02
	-- File: C:\web\www\FromMySqlToPostgreSql\migration\FromMySqlToPostgreSql\FromMySqlToPostgreSql.php
	-- Line: 635
	-- Message: SQLSTATE[22P02]: Invalid text representation: 7 ERREUR:  syntaxe en entrée invalide pour l'entier : « 1970-01-01 00:00:00 »
CONTEXT:  COPY role_utilisateur_pour_plans_actions, ligne 1, colonne a_mettre_a_jour : « 1970-01-01 00:00:00 »
	-------------------------------------------------------


-- Currently processing table: theme...
	-- Table plan_action13."theme" is created.
	-- Populating table plan_action13."theme" 
	-- Total rows to insert into plan_action13."theme": 2
	-- For now inserted: 2 rows

-- Currently processing table: type...
	-- Table plan_action13."type" is created.
	-- Populating table plan_action13."type" 
	-- Total rows to insert into plan_action13."type": 0
	-- For now inserted: 0 rows

-- Currently processing table: type_action...
	-- Table plan_action13."type_action" is created.
	-- Populating table plan_action13."type_action" 
	-- Total rows to insert into plan_action13."type_action": 4

	-- FromMySqlToPostgreSql::populateTable

	-- PDOException code: 22P02
	-- File: C:\web\www\FromMySqlToPostgreSql\migration\FromMySqlToPostgreSql\FromMySqlToPostgreSql.php
	-- Line: 635
	-- Message: SQLSTATE[22P02]: Invalid text representation: 7 ERREUR:  syntaxe en entrée invalide pour l'entier : « 1970-01-01 00:00:00 »
CONTEXT:  COPY type_action, ligne 3, colonne processus_est_obligatoire : « 1970-01-01 00:00:00 »
	-------------------------------------------------------


-- Currently processing table: utilisateur...
	-- Table plan_action13."utilisateur" is created.
	-- Populating table plan_action13."utilisateur" 
	-- Total rows to insert into plan_action13."utilisateur": 187

	-- FromMySqlToPostgreSql::populateTable

	-- PDOException code: 22P02
	-- File: C:\web\www\FromMySqlToPostgreSql\migration\FromMySqlToPostgreSql\FromMySqlToPostgreSql.php
	-- Line: 635
	-- Message: SQLSTATE[22P02]: Invalid text representation: 7 ERREUR:  syntaxe en entrée invalide pour l'entier : « 1970-01-01 00:00:00 »
CONTEXT:  COPY utilisateur, ligne 1, colonne locked : « 1970-01-01 00:00:00 »
	-------------------------------------------------------


-- Currently processing table: utilisateur_acteurs_planaction...
	-- Table plan_action13."utilisateur_acteurs_planaction" is created.
	-- Populating table plan_action13."utilisateur_acteurs_planaction" 
	-- Total rows to insert into plan_action13."utilisateur_acteurs_planaction": 1393
	-- For now inserted: 1393 rows

-- Currently processing table: utilisateur_delegataires_planaction...
	-- Table plan_action13."utilisateur_delegataires_planaction" is created.
	-- Populating table plan_action13."utilisateur_delegataires_planaction" 
	-- Total rows to insert into plan_action13."utilisateur_delegataires_planaction": 802
	-- For now inserted: 802 rows

-- Currently processing table: utilisateur_pilotes_processus...
	-- Table plan_action13."utilisateur_pilotes_processus" is created.
	-- Populating table plan_action13."utilisateur_pilotes_processus" 
	-- Total rows to insert into plan_action13."utilisateur_pilotes_processus": 157
	-- For now inserted: 157 rows
	-- Trying to set constraints for plan_action13."action"...

	-- Set "ENUMs" for table plan_action13."action"...

	-- Define "NULLs" for table: plan_action13."action"...
	-- Done.

	-- Set default values for table: plan_action13."action"...
	-- Default value for column "id" has not been detected...
	-- Default value for column "processus_id" has not been detected...
	-- Default value for column "priorite_id" has not been detected...
	-- Default value for column "type_action_id" has not been detected...
	-- Default value for column "utilisateur_id_createur" has not been detected...
	-- Default value for column "utilisateur_id_responsable" has not been detected...
	-- Default value for column "utilisateur_id_verificateur" has not been detected...
	-- Default value for column "utilisateur_id_dernier_modificateur" has not been detected...
	-- Default value for column "plan_action_id" has not been detected...
	-- Default value for column "libelle" has not been detected...
	-- Default value for column "date_origine" has not been detected...
	-- Default value for column "date_prevue_originelle" has not been detected...
	-- Default value for column "date_prevue_realisation" has not been detected...
	-- Default value for column "date_effective_realisation" has not been detected...
	-- Default value for column "visibilite_externe" has not been detected...
	-- Default value for column "resultat_attendu" has not been detected...
	-- Default value for column "date_verification" has not been detected...
	-- Default value for column "date_creation" has not been detected...
	-- Default value for column "date_modification" has not been detected...
	-- Default value for column "est_actif" has not been detected...
	-- Default value for column "cause" has not been detected...
	-- Default value for column "commentaire_revue_direction" has not been detected...
	-- Default value for column "date_revue_direction" has not been detected...
	-- Default value for column "soumise_a_relance" has not been detected...
	-- Default value for column "recurrente" has not been detected...
	-- Default value for column "date_annulation" has not been detected...
	-- Default value for column "commentaire_annulation" has not been detected...
	-- Default value for column "nombre_de_relance" has not been detected...
	-- Default value for column "date_derniere_relance" has not been detected...
	-- Default value for column "theme_id" has not been detected...
	-- Default value for column "pourcentage_avancement" has not been detected...
	-- Default value for column "bloquee" has not been detected...
	-- Default value for column "visible_dans_plan_pere" has not been detected...
	-- Default value for column "exigence_id" has not been detected...
	-- Trying to create sequence plan_action13."action_id_seq"...
	-- Sequence plan_action13."action_id_seq" was created...
	-- Set primary key and indices for table plan_action13."action"...
	-- PK for table plan_action13."action" are set...
	-- index for table plan_action13."action" are set...
	-- index for table plan_action13."action" are set...
	-- index for table plan_action13."action" are set...
	-- index for table plan_action13."action" are set...
	-- index for table plan_action13."action" are set...
	-- index for table plan_action13."action" are set...
	-- index for table plan_action13."action" are set...
	-- index for table plan_action13."action" are set...
	-- index for table plan_action13."action" are set...
	-- index for table plan_action13."action" are set...
	-- Search foreign key for table plan_action13."action"...

	-- FromMySqlToPostgreSql::processForeignKey
	-- Error occurred when tried to create foreign key for table plan_action13."action"...

	-- PDOException code: 42830
	-- File: C:\web\www\FromMySqlToPostgreSql\migration\FromMySqlToPostgreSql\FromMySqlToPostgreSql.php
	-- Line: 1122
	-- Message: SQLSTATE[42830]: Invalid foreign key: 7 ERREUR:  il n'existe aucune contrainte unique correspondant aux clés données pour la
table « exigence » référencée
	-------------------------------------------------------

	-- Constraints for plan_action13."action" were set successfully...
	-- Running "VACUUM FULL and ANALYZE" query for table plan_action13."action"...
	-- "VACUUM FULL and ANALYZE" procedure for table plan_action13."action" has been successfully accomplished...
	-- Trying to set constraints for plan_action13."exigence"...

	-- Set "ENUMs" for table plan_action13."exigence"...

	-- Define "NULLs" for table: plan_action13."exigence"...
	-- Done.

	-- Set default values for table: plan_action13."exigence"...
	-- Default value for column "id" has not been detected...
	-- Default value for column "processus_id" has not been detected...
	-- Default value for column "libelle" has not been detected...
	-- Trying to create sequence plan_action13."exigence_id_seq"...
	-- Sequence plan_action13."exigence_id_seq" was created...
	-- Set primary key and indices for table plan_action13."exigence"...
	-- PK for table plan_action13."exigence" are set...
	-- index for table plan_action13."exigence" are set...
	-- Search foreign key for table plan_action13."exigence"...

	-- FromMySqlToPostgreSql::processForeignKey
	-- Error occurred when tried to create foreign key for table plan_action13."exigence"...

	-- PDOException code: 42830
	-- File: C:\web\www\FromMySqlToPostgreSql\migration\FromMySqlToPostgreSql\FromMySqlToPostgreSql.php
	-- Line: 1122
	-- Message: SQLSTATE[42830]: Invalid foreign key: 7 ERREUR:  il n'existe aucune contrainte unique correspondant aux clés données pour la
table « processus » référencée
	-------------------------------------------------------

	-- Constraints for plan_action13."exigence" were set successfully...
	-- Running "VACUUM FULL and ANALYZE" query for table plan_action13."exigence"...
	-- "VACUUM FULL and ANALYZE" procedure for table plan_action13."exigence" has been successfully accomplished...
	-- Trying to set constraints for plan_action13."historisation_action"...

	-- Set "ENUMs" for table plan_action13."historisation_action"...

	-- Define "NULLs" for table: plan_action13."historisation_action"...

	-- FromMySqlToPostgreSql::processNull
	-- Cannot define "NULLs" for table: plan_action13."historisation_action"...

	-- PDOException code: 23502
	-- File: C:\web\www\FromMySqlToPostgreSql\migration\FromMySqlToPostgreSql\FromMySqlToPostgreSql.php
	-- Line: 693
	-- Message: SQLSTATE[23502]: Not null violation: 7 ERREUR:  la colonne « valeur_avant » contient des valeurs NULL
	-------------------------------------------------------


	-- Set default values for table: plan_action13."historisation_action"...
	-- Default value for column "id" has not been detected...
	-- Default value for column "dateHistorisation" has not been detected...
	-- Default value for column "commentaireHistorisation" has not been detected...
	-- Default value for column "action_id" has not been detected...
	-- Default value for column "champ_modifie" has not been detected...
	-- Default value for column "valeur_avant" has not been detected...
	-- Default value for column "valeur_apres" has not been detected...
	-- Default value for column "auteur_modification" has not been detected...
	-- Trying to create sequence plan_action13."historisation_action_id_seq"...
	-- Sequence plan_action13."historisation_action_id_seq" was created...
	-- Set primary key and indices for table plan_action13."historisation_action"...
	-- PK for table plan_action13."historisation_action" are set...
	-- index for table plan_action13."historisation_action" are set...
	-- Search foreign key for table plan_action13."historisation_action"...
	-- Foreign key for table plan_action13."historisation_action" is set...
	-- Constraints for plan_action13."historisation_action" were set successfully...
	-- Running "VACUUM FULL and ANALYZE" query for table plan_action13."historisation_action"...
	-- "VACUUM FULL and ANALYZE" procedure for table plan_action13."historisation_action" has been successfully accomplished...
	-- Trying to set constraints for plan_action13."note"...

	-- Set "ENUMs" for table plan_action13."note"...

	-- Define "NULLs" for table: plan_action13."note"...
	-- Done.

	-- Set default values for table: plan_action13."note"...
	-- Default value for column "id" has not been detected...
	-- Default value for column "utilisateur_id_auteur" has not been detected...
	-- Default value for column "action" has not been detected...
	-- Default value for column "commentaire" has not been detected...
	-- Default value for column "date_ajout" has not been detected...
	-- Default value for column "date_modification" has not been detected...
	-- Trying to create sequence plan_action13."note_id_seq"...
	-- Sequence plan_action13."note_id_seq" was created...
	-- Set primary key and indices for table plan_action13."note"...
	-- PK for table plan_action13."note" are set...
	-- index for table plan_action13."note" are set...
	-- index for table plan_action13."note" are set...
	-- Search foreign key for table plan_action13."note"...
	-- Foreign key for table plan_action13."note" is set...

	-- FromMySqlToPostgreSql::processForeignKey
	-- Error occurred when tried to create foreign key for table plan_action13."note"...

	-- PDOException code: 42830
	-- File: C:\web\www\FromMySqlToPostgreSql\migration\FromMySqlToPostgreSql\FromMySqlToPostgreSql.php
	-- Line: 1122
	-- Message: SQLSTATE[42830]: Invalid foreign key: 7 ERREUR:  il n'existe aucune contrainte unique correspondant aux clés données pour la
table « utilisateur » référencée
	-------------------------------------------------------

	-- Constraints for plan_action13."note" were set successfully...
	-- Running "VACUUM FULL and ANALYZE" query for table plan_action13."note"...
	-- "VACUUM FULL and ANALYZE" procedure for table plan_action13."note" has been successfully accomplished...
	-- Trying to set constraints for plan_action13."origine"...

	-- Set "ENUMs" for table plan_action13."origine"...

	-- Define "NULLs" for table: plan_action13."origine"...
	-- Done.

	-- Set default values for table: plan_action13."origine"...
	-- Default value for column "id" has not been detected...
	-- Default value for column "mnemonique" has not been detected...
	-- Default value for column "description" has not been detected...
	-- Default value for column "complement_mnemonique_est_autorise" has not been detected...
	-- Trying to create sequence plan_action13."origine_id_seq"...
	-- Sequence plan_action13."origine_id_seq" was created...
	-- Set primary key and indices for table plan_action13."origine"...
	-- PK for table plan_action13."origine" are set...
	-- Search foreign key for table plan_action13."origine"...
	-- Constraints for plan_action13."origine" were set successfully...
	-- Running "VACUUM FULL and ANALYZE" query for table plan_action13."origine"...
	-- "VACUUM FULL and ANALYZE" procedure for table plan_action13."origine" has been successfully accomplished...
	-- Trying to set constraints for plan_action13."origine_plan_action"...

	-- Set "ENUMs" for table plan_action13."origine_plan_action"...

	-- Define "NULLs" for table: plan_action13."origine_plan_action"...
	-- Done.

	-- Set default values for table: plan_action13."origine_plan_action"...
	-- Default value for column "id" has not been detected...
	-- Default value for column "plan_action_id" has not been detected...
	-- Default value for column "origine_id" has not been detected...
	-- Default value for column "complement_mnemonique" has not been detected...
	-- Trying to create sequence plan_action13."origine_plan_action_id_seq"...
	-- Sequence plan_action13."origine_plan_action_id_seq" was created...
	-- Set primary key and indices for table plan_action13."origine_plan_action"...
	-- PK for table plan_action13."origine_plan_action" are set...
	-- index for table plan_action13."origine_plan_action" are set...
	-- index for table plan_action13."origine_plan_action" are set...
	-- Search foreign key for table plan_action13."origine_plan_action"...

	-- FromMySqlToPostgreSql::processForeignKey
	-- Error occurred when tried to create foreign key for table plan_action13."origine_plan_action"...

	-- PDOException code: 42830
	-- File: C:\web\www\FromMySqlToPostgreSql\migration\FromMySqlToPostgreSql\FromMySqlToPostgreSql.php
	-- Line: 1122
	-- Message: SQLSTATE[42830]: Invalid foreign key: 7 ERREUR:  il n'existe aucune contrainte unique correspondant aux clés données pour la
table « plan_action » référencée
	-------------------------------------------------------

	-- Constraints for plan_action13."origine_plan_action" were set successfully...
	-- Running "VACUUM FULL and ANALYZE" query for table plan_action13."origine_plan_action"...
	-- "VACUUM FULL and ANALYZE" procedure for table plan_action13."origine_plan_action" has been successfully accomplished...
	-- Trying to set constraints for plan_action13."parametre"...

	-- Set "ENUMs" for table plan_action13."parametre"...

	-- Define "NULLs" for table: plan_action13."parametre"...
	-- Done.

	-- Set default values for table: plan_action13."parametre"...
	-- Default value for column "id" has not been detected...
	-- Default value for column "mnemonique" has not been detected...
	-- Default value for column "libelle" has not been detected...
	-- Default value for column "valeur" has not been detected...
	-- Trying to create sequence plan_action13."parametre_id_seq"...
	-- Sequence plan_action13."parametre_id_seq" was created...
	-- Set primary key and indices for table plan_action13."parametre"...
	-- PK for table plan_action13."parametre" are set...
	-- Search foreign key for table plan_action13."parametre"...
	-- Constraints for plan_action13."parametre" were set successfully...
	-- Running "VACUUM FULL and ANALYZE" query for table plan_action13."parametre"...
	-- "VACUUM FULL and ANALYZE" procedure for table plan_action13."parametre" has been successfully accomplished...
	-- Trying to set constraints for plan_action13."plan_action"...

	-- Set "ENUMs" for table plan_action13."plan_action"...

	-- Define "NULLs" for table: plan_action13."plan_action"...
	-- Done.

	-- Set default values for table: plan_action13."plan_action"...
	-- Default value for column "id" has not been detected...
	-- Default value for column "utilisateur_id_proprietaire" has not been detected...
	-- Default value for column "plan_action_id_pere" has not been detected...
	-- Default value for column "libelle" has not been detected...
	-- Default value for column "est_actif" has not been detected...
	-- Default value for column "date_creation" has not been detected...
	-- Default value for column "date_modification" has not been detected...
	-- Default value for column "niveau" has not been detected...
	-- Trying to create sequence plan_action13."plan_action_id_seq"...
	-- Sequence plan_action13."plan_action_id_seq" was created...
	-- Set primary key and indices for table plan_action13."plan_action"...
	-- PK for table plan_action13."plan_action" are set...
	-- index for table plan_action13."plan_action" are set...
	-- index for table plan_action13."plan_action" are set...
	-- Search foreign key for table plan_action13."plan_action"...

	-- FromMySqlToPostgreSql::processForeignKey
	-- Error occurred when tried to create foreign key for table plan_action13."plan_action"...

	-- PDOException code: 42830
	-- File: C:\web\www\FromMySqlToPostgreSql\migration\FromMySqlToPostgreSql\FromMySqlToPostgreSql.php
	-- Line: 1122
	-- Message: SQLSTATE[42830]: Invalid foreign key: 7 ERREUR:  il n'existe aucune contrainte unique correspondant aux clés données pour la
table « utilisateur » référencée
	-------------------------------------------------------

	-- Constraints for plan_action13."plan_action" were set successfully...
	-- Running "VACUUM FULL and ANALYZE" query for table plan_action13."plan_action"...
	-- "VACUUM FULL and ANALYZE" procedure for table plan_action13."plan_action" has been successfully accomplished...
	-- Trying to set constraints for plan_action13."priorite"...

	-- Set "ENUMs" for table plan_action13."priorite"...

	-- Define "NULLs" for table: plan_action13."priorite"...
	-- Done.

	-- Set default values for table: plan_action13."priorite"...
	-- Default value for column "id" has not been detected...
	-- Default value for column "libelle" has not been detected...
	-- Trying to create sequence plan_action13."priorite_id_seq"...
	-- Sequence plan_action13."priorite_id_seq" was created...
	-- Set primary key and indices for table plan_action13."priorite"...
	-- PK for table plan_action13."priorite" are set...
	-- Search foreign key for table plan_action13."priorite"...
	-- Constraints for plan_action13."priorite" were set successfully...
	-- Running "VACUUM FULL and ANALYZE" query for table plan_action13."priorite"...
	-- "VACUUM FULL and ANALYZE" procedure for table plan_action13."priorite" has been successfully accomplished...
	-- Trying to set constraints for plan_action13."processus"...

	-- Set "ENUMs" for table plan_action13."processus"...

	-- Define "NULLs" for table: plan_action13."processus"...
	-- Done.

	-- Set default values for table: plan_action13."processus"...
	-- Default value for column "id" has not been detected...
	-- Default value for column "mnemonique" has not been detected...
	-- Default value for column "description" has not been detected...
	-- Trying to create sequence plan_action13."processus_id_seq"...
	-- Sequence plan_action13."processus_id_seq" was created...
	-- Set primary key and indices for table plan_action13."processus"...
	-- PK for table plan_action13."processus" are set...
	-- Search foreign key for table plan_action13."processus"...
	-- Constraints for plan_action13."processus" were set successfully...
	-- Running "VACUUM FULL and ANALYZE" query for table plan_action13."processus"...
	-- "VACUUM FULL and ANALYZE" procedure for table plan_action13."processus" has been successfully accomplished...
	-- Trying to set constraints for plan_action13."role_utilisateur_pour_plans_actions"...

	-- Set "ENUMs" for table plan_action13."role_utilisateur_pour_plans_actions"...

	-- Define "NULLs" for table: plan_action13."role_utilisateur_pour_plans_actions"...
	-- Done.

	-- Set default values for table: plan_action13."role_utilisateur_pour_plans_actions"...
	-- Default value for column "id" has not been detected...
	-- Default value for column "utilisateur_id" has not been detected...
	-- Default value for column "role_utilisateur" has not been detected...
	-- Default value for column "tableau_acces_plans_actions" has not been detected...
	-- Default value for column "a_mettre_a_jour" has not been detected...
	-- Trying to create sequence plan_action13."role_utilisateur_pour_plans_actions_id_seq"...
	-- Sequence plan_action13."role_utilisateur_pour_plans_actions_id_seq" was created...
	-- Set primary key and indices for table plan_action13."role_utilisateur_pour_plans_actions"...
	-- PK for table plan_action13."role_utilisateur_pour_plans_actions" are set...
	-- index for table plan_action13."role_utilisateur_pour_plans_actions" are set...

	-- FromMySqlToPostgreSql::processIndexAndKey
	-- Error occurred when tried to set primary key and indices for table plan_action13."role_utilisateur_pour_plans_actions"...

	-- PDOException code: 42P07
	-- File: C:\web\www\FromMySqlToPostgreSql\migration\FromMySqlToPostgreSql\FromMySqlToPostgreSql.php
	-- Line: 1014
	-- Message: SQLSTATE[42P07]: Duplicate table: 7 ERREUR:  la relation « plan_action13_role_utilisateur_pour_plans_actions_utilisateur_i » existe déjà
	-------------------------------------------------------

	-- Search foreign key for table plan_action13."role_utilisateur_pour_plans_actions"...

	-- FromMySqlToPostgreSql::processForeignKey
	-- Error occurred when tried to create foreign key for table plan_action13."role_utilisateur_pour_plans_actions"...

	-- PDOException code: 42830
	-- File: C:\web\www\FromMySqlToPostgreSql\migration\FromMySqlToPostgreSql\FromMySqlToPostgreSql.php
	-- Line: 1122
	-- Message: SQLSTATE[42830]: Invalid foreign key: 7 ERREUR:  il n'existe aucune contrainte unique correspondant aux clés données pour la
table « utilisateur » référencée
	-------------------------------------------------------

	-- Constraints for plan_action13."role_utilisateur_pour_plans_actions" were set successfully...
	-- Running "VACUUM FULL and ANALYZE" query for table plan_action13."role_utilisateur_pour_plans_actions"...
	-- "VACUUM FULL and ANALYZE" procedure for table plan_action13."role_utilisateur_pour_plans_actions" has been successfully accomplished...
	-- Trying to set constraints for plan_action13."theme"...

	-- Set "ENUMs" for table plan_action13."theme"...

	-- Define "NULLs" for table: plan_action13."theme"...
	-- Done.

	-- Set default values for table: plan_action13."theme"...
	-- Default value for column "id" has not been detected...
	-- Default value for column "libelle" has not been detected...
	-- Trying to create sequence plan_action13."theme_id_seq"...
	-- Sequence plan_action13."theme_id_seq" was created...
	-- Set primary key and indices for table plan_action13."theme"...
	-- PK for table plan_action13."theme" are set...
	-- Search foreign key for table plan_action13."theme"...
	-- Constraints for plan_action13."theme" were set successfully...
	-- Running "VACUUM FULL and ANALYZE" query for table plan_action13."theme"...
	-- "VACUUM FULL and ANALYZE" procedure for table plan_action13."theme" has been successfully accomplished...
	-- Trying to set constraints for plan_action13."type"...

	-- Set "ENUMs" for table plan_action13."type"...

	-- Define "NULLs" for table: plan_action13."type"...
	-- Done.

	-- Set default values for table: plan_action13."type"...
	-- Default value for column "id" has not been detected...
	-- Default value for column "libelle" has not been detected...
	-- Default value for column "mnemonique" has not been detected...
	-- Trying to create sequence plan_action13."type_id_seq"...
	-- Sequence plan_action13."type_id_seq" was created...
	-- Set primary key and indices for table plan_action13."type"...
	-- PK for table plan_action13."type" are set...
	-- Search foreign key for table plan_action13."type"...
	-- Constraints for plan_action13."type" were set successfully...
	-- Running "VACUUM FULL and ANALYZE" query for table plan_action13."type"...
	-- "VACUUM FULL and ANALYZE" procedure for table plan_action13."type" has been successfully accomplished...
	-- Trying to set constraints for plan_action13."type_action"...

	-- Set "ENUMs" for table plan_action13."type_action"...

	-- Define "NULLs" for table: plan_action13."type_action"...
	-- Done.

	-- Set default values for table: plan_action13."type_action"...
	-- Default value for column "id" has not been detected...
	-- Default value for column "libelle" has not been detected...
	-- Default value for column "mnemonique" has not been detected...
	-- Default value for column "processus_est_obligatoire" has not been detected...
	-- Trying to create sequence plan_action13."type_action_id_seq"...
	-- Sequence plan_action13."type_action_id_seq" was created...
	-- Set primary key and indices for table plan_action13."type_action"...
	-- PK for table plan_action13."type_action" are set...
	-- Search foreign key for table plan_action13."type_action"...
